TN:
SF:client/src/lib/translations/bn.ts
FNF:0
FNH:0
DA:2,1
LF:1
LH:1
BRF:0
BRH:0
end_of_record
TN:
SF:client/src/lib/translations/en.ts
FNF:0
FNH:0
DA:2,1
LF:1
LH:1
BRF:0
BRH:0
end_of_record
TN:
SF:client/src/lib/translations/hi.ts
FNF:0
FNH:0
DA:2,1
LF:1
LH:1
BRF:0
BRH:0
end_of_record
TN:
SF:client/src/lib/translations/index.ts
FN:23,getTranslation
FN:46,(anonymous_2)
FNF:2
FNH:2
FNDA:7,getTranslation
FNDA:2,(anonymous_2)
DA:1,1
DA:2,1
DA:3,1
DA:4,1
DA:6,1
DA:16,1
DA:23,1
DA:24,7
DA:25,7
DA:26,7
DA:28,7
DA:29,14
DA:30,1
DA:32,1
DA:33,1
DA:34,1
DA:35,1
DA:37,0
DA:39,0
DA:41,12
DA:45,5
DA:46,2
DA:47,2
DA:51,3
DA:53,1
DA:54,1
LF:26
LH:24
BRDA:29,0,0,1
BRDA:34,1,0,1
BRDA:45,2,0,2
BRDA:45,3,0,5
BRDA:45,3,1,2
BRDA:47,4,0,1
BRDA:47,4,1,1
BRDA:47,5,0,2
BRDA:47,5,1,2
BRDA:47,6,0,1
BRDA:47,6,1,1
BRDA:47,7,0,2
BRDA:47,7,1,2
BRF:13
BRH:13
end_of_record
TN:
SF:client/src/lib/translations/kn.ts
FNF:0
FNH:0
DA:2,1
LF:1
LH:1
BRF:0
BRH:0
end_of_record
