TN:
SF:server/openai.ts
FN:34,factCheck
FN:34,(anonymous_8)
FN:78,suggestImprovements
FNF:3
FNH:2
FNDA:13,factCheck
FNDA:13,(anonymous_8)
FNDA:0,suggestImprovements
DA:1,13
DA:3,13
DA:4,0
DA:7,13
DA:15,13
DA:34,13
DA:35,13
DA:36,13
DA:39,13
DA:41,13
DA:43,13
DA:58,10
DA:59,8
DA:60,1
DA:61,1
DA:64,7
DA:70,6
DA:71,6
DA:72,2
DA:74,4
DA:78,13
DA:79,0
DA:80,0
DA:95,0
DA:96,0
DA:98,0
DA:99,0
LF:27
LH:20
BRDA:3,0,0,0
BRDA:34,1,0,0
BRDA:39,2,0,13
BRDA:39,2,1,1
BRDA:58,3,0,10
BRDA:58,3,1,0
BRDA:59,4,0,1
BRDA:59,5,0,8
BRDA:59,5,1,7
BRDA:67,6,0,7
BRDA:67,6,1,0
BRDA:71,7,0,2
BRDA:71,8,0,6
BRDA:71,8,1,5
BRDA:71,8,2,5
BRDA:71,9,0,0
BRDA:71,9,1,5
BRDA:71,10,0,5
BRDA:71,10,1,5
BRDA:71,11,0,0
BRDA:71,11,1,5
BRDA:71,12,0,5
BRDA:71,12,1,5
BRDA:95,13,0,0
BRDA:95,13,1,0
BRDA:96,14,0,0
BRDA:96,14,1,0
BRF:27
BRH:17
end_of_record
